<?xml version="1.0" encoding="UTF-8" ?>
<testsuite tests="5" failures="0" name="com.login.service.LoginServiceTest" time="0.016" errors="0" skipped="0">
  <properties>
[...]
</properties>
  <testcase classname="com.login.service.LoginServiceTest" name="testLoginService" time="0.016"/>
  <testcase classname="com.login.service.LoginServiceTest" name="checkCredentialsForValidCustomer" time="0"/>
  <testcase classname="com.login.service.LoginServiceTest" name="checkCredentialsForInvalidCustomer" time="0"/>
  <testcase classname="com.login.service.LoginServiceTest" name="checkCredentialsForEmptyString" time="0"/>
  <testcase classname="com.login.service.LoginServiceTest" name="checkCredentialsForNull" time="0"/>
</testsuite>